<?xml version="1.0" encoding="UTF-8"?>
<!-- Generated by org.testng.reporters.JUnitXMLReporter -->
<testsuite hostname="PS8178" name="Run on IE" tests="2" failures="0" timestamp="4 Mar 2014 10:20:46 GMT" time="0.185" errors="0">
  <testcase name="@BeforeClass setup" time="0.0" classname="TestCases.actitime2">
    <failure type="java.lang.NullPointerException" message="null value in entry: desiredCapabilities=null">
      <![CDATA[java.lang.NullPointerException: null value in entry: desiredCapabilities=null
	at com.google.common.collect.CollectPreconditions.checkEntryNotNull(CollectPreconditions.java:33)
	at com.google.common.collect.ImmutableMap.entryOf(ImmutableMap.java:135)
	at com.google.common.collect.ImmutableMap$Builder.put(ImmutableMap.java:206)
	at org.openqa.selenium.remote.RemoteWebDriver.startSession(RemoteWebDriver.java:210)
	at org.openqa.selenium.remote.RemoteWebDriver.<init>(RemoteWebDriver.java:111)
	at org.openqa.selenium.remote.RemoteWebDriver.<init>(RemoteWebDriver.java:129)
	at TestCases.actitime2.setup(actitime2.java:61)
	at java.util.concurrent.ThreadPoolExecutor$Worker.runTask(Unknown Source)
	at java.util.concurrent.ThreadPoolExecutor$Worker.run(Unknown Source)
	at java.lang.Thread.run(Unknown Source)
... Removed 10 stack frames]]>
    </failure>
  </testcase> <!-- @BeforeClass setup -->
  <testcase name="@BeforeClass setup" time="0.0" classname="TestCases.actitime">
    <failure type="java.lang.NullPointerException" message="null value in entry: desiredCapabilities=null">
      <![CDATA[java.lang.NullPointerException: null value in entry: desiredCapabilities=null
	at com.google.common.collect.CollectPreconditions.checkEntryNotNull(CollectPreconditions.java:33)
	at com.google.common.collect.ImmutableMap.entryOf(ImmutableMap.java:135)
	at com.google.common.collect.ImmutableMap$Builder.put(ImmutableMap.java:206)
	at org.openqa.selenium.remote.RemoteWebDriver.startSession(RemoteWebDriver.java:210)
	at org.openqa.selenium.remote.RemoteWebDriver.<init>(RemoteWebDriver.java:111)
	at org.openqa.selenium.remote.RemoteWebDriver.<init>(RemoteWebDriver.java:129)
	at TestCases.actitime.setup(actitime.java:58)
	at java.util.concurrent.ThreadPoolExecutor$Worker.runTask(Unknown Source)
	at java.util.concurrent.ThreadPoolExecutor$Worker.run(Unknown Source)
	at java.lang.Thread.run(Unknown Source)
... Removed 10 stack frames]]>
    </failure>
  </testcase> <!-- @BeforeClass setup -->
  <testcase name="@AfterClass teardown" time="0.0" classname="TestCases.actitime">
    <skipped/>
  </testcase> <!-- @AfterClass teardown -->
  <testcase name="@AfterClass teardown" time="0.0" classname="TestCases.actitime2">
    <skipped/>
  </testcase> <!-- @AfterClass teardown -->
  <testcase name="login" time="0.0010" classname="TestCases.actitime">
    <skipped/>
  </testcase> <!-- login -->
  <testcase name="login" time="0.0010" classname="TestCases.actitime2">
    <skipped/>
  </testcase> <!-- login -->
</testsuite> <!-- Run on IE -->
